E:\CODING\PUBLISH\MULTIMESHFRAME(MINIMALSURFACESAMPLE)\MINIMESHFRAME\DEBUG\ARCBALL.OBJ
E:\Coding\Publish\MultiMeshFrame(MinimalSurfaceSample)\MiniMeshFrame\Debug\cl.command.1.tlog
E:\Coding\Publish\MultiMeshFrame(MinimalSurfaceSample)\MiniMeshFrame\Debug\CL.read.1.tlog
E:\Coding\Publish\MultiMeshFrame(MinimalSurfaceSample)\MiniMeshFrame\Debug\CL.write.1.tlog
E:\Coding\Publish\MultiMeshFrame(MinimalSurfaceSample)\MiniMeshFrame\Debug\custombuild.command.1.tlog
E:\Coding\Publish\MultiMeshFrame(MinimalSurfaceSample)\MiniMeshFrame\Debug\custombuild.read.1.tlog
E:\Coding\Publish\MultiMeshFrame(MinimalSurfaceSample)\MiniMeshFrame\Debug\custombuild.write.1.tlog
E:\Coding\Publish\MultiMeshFrame(MinimalSurfaceSample)\MiniMeshFrame\Debug\link.command.1.tlog
E:\Coding\Publish\MultiMeshFrame(MinimalSurfaceSample)\MiniMeshFrame\Debug\link.read.1.tlog
E:\Coding\Publish\MultiMeshFrame(MinimalSurfaceSample)\MiniMeshFrame\Debug\link.write.1.tlog
E:\CODING\PUBLISH\MULTIMESHFRAME(MINIMALSURFACESAMPLE)\MINIMESHFRAME\DEBUG\MAIN.OBJ
E:\CODING\PUBLISH\MULTIMESHFRAME(MINIMALSURFACESAMPLE)\MINIMESHFRAME\DEBUG\MAINWINDOW.OBJ
E:\CODING\PUBLISH\MULTIMESHFRAME(MINIMALSURFACESAMPLE)\MINIMESHFRAME\DEBUG\MESH3D.OBJ
E:\CODING\PUBLISH\MULTIMESHFRAME(MINIMALSURFACESAMPLE)\MINIMESHFRAME\DEBUG\MINIMESHFRAME.EXE.INTERMEDIATE.MANIFEST
E:\Coding\Publish\MultiMeshFrame(MinimalSurfaceSample)\MiniMeshFrame\Debug\MiniMeshFrame.vcxprojResolveAssemblyReference.cache
E:\Coding\Publish\MultiMeshFrame(MinimalSurfaceSample)\MiniMeshFrame\Debug\MiniMeshFrame.write.1.tlog
E:\CODING\PUBLISH\MULTIMESHFRAME(MINIMALSURFACESAMPLE)\MINIMESHFRAME\DEBUG\MINISURF.OBJ
E:\CODING\PUBLISH\MULTIMESHFRAME(MINIMALSURFACESAMPLE)\MINIMESHFRAME\DEBUG\MOC_MAINWINDOW.OBJ
E:\CODING\PUBLISH\MULTIMESHFRAME(MINIMALSURFACESAMPLE)\MINIMESHFRAME\DEBUG\MOC_RENDERINGWIDGET.OBJ
E:\Coding\Publish\MultiMeshFrame(MinimalSurfaceSample)\MiniMeshFrame\Debug\mt.command.1.tlog
E:\Coding\Publish\MultiMeshFrame(MinimalSurfaceSample)\MiniMeshFrame\Debug\mt.read.1.tlog
E:\Coding\Publish\MultiMeshFrame(MinimalSurfaceSample)\MiniMeshFrame\Debug\mt.write.1.tlog
E:\CODING\PUBLISH\MULTIMESHFRAME(MINIMALSURFACESAMPLE)\MINIMESHFRAME\DEBUG\QRC_MAINWINDOW.OBJ
E:\CODING\PUBLISH\MULTIMESHFRAME(MINIMALSURFACESAMPLE)\MINIMESHFRAME\DEBUG\RENDERINGWIDGET.OBJ
E:\CODING\PUBLISH\MULTIMESHFRAME(MINIMALSURFACESAMPLE)\MINIMESHFRAME\DEBUG\VC100.PDB
E:\CODING\PUBLISH\MULTIMESHFRAME(MINIMALSURFACESAMPLE)\MINIMESHFRAME\GENERATEDFILES\DEBUG\MOC_MAINWINDOW.CPP
E:\CODING\PUBLISH\MULTIMESHFRAME(MINIMALSURFACESAMPLE)\MINIMESHFRAME\GENERATEDFILES\DEBUG\MOC_RENDERINGWIDGET.CPP
E:\CODING\PUBLISH\MULTIMESHFRAME(MINIMALSURFACESAMPLE)\MINIMESHFRAME\GENERATEDFILES\QRC_MAINWINDOW.CPP
E:\CODING\PUBLISH\MULTIMESHFRAME(MINIMALSURFACESAMPLE)\MINIMESHFRAME\GENERATEDFILES\UI_MAINWINDOW.H
E:\CODING\PUBLISH\MULTIMESHFRAME(MINIMALSURFACESAMPLE)\WIN32\DEBUG\MINIMESHFRAME.EXE
E:\CODING\PUBLISH\MULTIMESHFRAME(MINIMALSURFACESAMPLE)\WIN32\DEBUG\MINIMESHFRAME.ILK
E:\CODING\PUBLISH\MULTIMESHFRAME(MINIMALSURFACESAMPLE)\WIN32\DEBUG\MINIMESHFRAME.PDB
